#
# There is insufficient memory for the Java Runtime Environment to continue.
# Native memory allocation (mmap) failed to map 62914560 bytes. Error detail: G1 virtual space
# Possible reasons:
#   The system is out of physical RAM or swap space
#   This process is running with CompressedOops enabled, and the Java Heap may be blocking the growth of the native heap
# Possible solutions:
#   Reduce memory load on the system
#   Increase physical memory or swap space
#   Check if swap backing store is full
#   Decrease Java heap size (-Xmx/-Xms)
#   Decrease number of Java threads
#   Decrease Java thread stack sizes (-Xss)
#   Set larger code cache with -XX:ReservedCodeCacheSize=
#   JVM is running with Unscaled Compressed Oops mode in which the Java heap is
#     placed in the first 4GB address space. The Java Heap base address is the
#     maximum limit for the native heap growth. Please use -XX:HeapBaseMinAddress
#     to set the Java Heap base and to place the Java Heap above 4GB virtual address.
# This output file may be truncated or incomplete.
#
#  Out of Memory Error (os_windows.cpp:3631), pid=4008, tid=22376
#
# JRE version:  (22.0.1+8) (build )
# Java VM: Java HotSpot(TM) 64-Bit Server VM (22.0.1+8-16, mixed mode, sharing, tiered, compressed oops, compressed class ptrs, g1 gc, windows-amd64)
# No core dump will be written. Minidumps are not enabled by default on client versions of Windows
#

---------------  S U M M A R Y ------------

Command Line: -Dfile.encoding=UTF-8 -Dstdout.encoding=UTF-8 -Dstderr.encoding=UTF-8 --module-path=C:\Users\User\eclipse-workspace\Notas_alunos\bin -XX:+ShowCodeDetailsInExceptionMessages -Djdk.module.main=Notas_alunos Notas_alunos/notas.Principal

Host: Intel(R) Celeron(R) 6305 @ 1.80GHz, 2 cores, 3G,  Windows 10 , 64 bit Build 19041 (10.0.19041.3636)
Time: Tue Aug  6 11:25:44 2024 Hora oficial do Brasil elapsed time: 0.070375 seconds (0d 0h 0m 0s)

---------------  T H R E A D  ---------------

Current thread (0x000001f614e97310):  JavaThread "Unknown thread" [_thread_in_vm, id=22376, stack(0x00000033fe400000,0x00000033fe500000) (1024K)]

Stack: [0x00000033fe400000,0x00000033fe500000]
Native frames: (J=compiled Java code, j=interpreted, Vv=VM code, C=native code)
V  [jvm.dll+0x6e2279]  (no source info available)
V  [jvm.dll+0x874e33]  (no source info available)
V  [jvm.dll+0x87725e]  (no source info available)
V  [jvm.dll+0x877933]  (no source info available)
V  [jvm.dll+0x27fd76]  (no source info available)
V  [jvm.dll+0x6de915]  (no source info available)
V  [jvm.dll+0x6d341a]  (no source info available)
V  [jvm.dll+0x3589da]  (no source info available)
V  [jvm.dll+0x360f06]  (no source info available)
V  [jvm.dll+0x3b3e2e]  (no source info available)
V  [jvm.dll+0x3b40d8]  (no source info available)
V  [jvm.dll+0x32c59c]  (no source info available)
V  [jvm.dll+0x32d158]  (no source info available)
V  [jvm.dll+0x83ccdc]  (no source info available)
V  [jvm.dll+0x3c0d71]  (no source info available)
V  [jvm.dll+0x825ccc]  (no source info available)
V  [jvm.dll+0x45b8fe]  (no source info available)
V  [jvm.dll+0x45d781]  (no source info available)
C  [jli.dll+0x52a3]  (no source info available)
C  [ucrtbase.dll+0x21bb2]  (no source info available)
C  [KERNEL32.DLL+0x17344]  (no source info available)
C  [ntdll.dll+0x4cc91]  (no source info available)


---------------  P R O C E S S  ---------------

Threads class SMR info:
_java_thread_list=0x00007ffad516b1c8, length=0, elements={
}

Java Threads: ( => current thread )
Total: 0

Other Threads:
  0x000001f617063130 WorkerThread "GC Thread#0"                     [id=876, stack(0x00000033fe500000,0x00000033fe600000) (1024K)]
  0x000001f61706b7b0 ConcurrentGCThread "G1 Main Marker"            [id=18180, stack(0x00000033fe600000,0x00000033fe700000) (1024K)]
  0x000001f61706cb20 WorkerThread "G1 Conc#0"                       [id=22480, stack(0x00000033fe700000,0x00000033fe800000) (1024K)]

[error occurred during error reporting (printing all threads), id 0xc0000005, EXCEPTION_ACCESS_VIOLATION (0xc0000005) at pc=0x00007ffad48bf367]
VM state: not at safepoint (not fully initialized)

VM Mutex/Monitor currently owned by a thread:  ([mutex/lock_event])
[0x00007ffad51ebcb8] Heap_lock - owner thread: 0x000001f614e97310

Heap address: 0x00000000c4400000, size: 956 MB, Compressed Oops mode: 32-bit

CDS archive(s) mapped at: [0x0000000000000000-0x0000000000000000-0x0000000000000000), size 0, SharedBaseAddress: 0x0000000800000000, ArchiveRelocationMode: 1.
Narrow klass base: 0x0000000000000000, Narrow klass shift: 0, Narrow klass range: 0x0

GC Precious Log:
 CardTable entry size: 512
 Card Set container configuration: InlinePtr #cards 5 size 8 Array Of Cards #cards 12 size 40 Howl #buckets 4 coarsen threshold 1843 Howl Bitmap #cards 512 size 80 coarsen threshold 460 Card regions per heap region 1 cards per card region 2048

Heap:
 garbage-first heap   total reserved 978944K, committed 0K, used 0K [0x00000000c4400000, 0x0000000100000000)
  region size 1024K, 0 young (0K), 0 survivors (0K)

[error occurred during error reporting (printing heap information), id 0xc0000005, EXCEPTION_ACCESS_VIOLATION (0xc0000005) at pc=0x00007ffad4cbe429]
GC Heap History (0 events):
No events

Dll operation events (1 events):
Event: 0.015 Loaded shared library C:\Program Files\Java\jdk-22\bin\java.dll

Deoptimization events (0 events):
No events

Classes loaded (0 events):
No events

Classes unloaded (0 events):
No events

Classes redefined (0 events):
No events

Internal exceptions (0 events):
No events

ZGC Phase Switch (0 events):
No events

VM Operations (0 events):
No events

Events (0 events):
No events


Dynamic libraries:
0x00007ff65f3d0000 - 0x00007ff65f3e0000 	C:\Program Files\Java\jdk-22\bin\javaw.exe
0x00007ffb21990000 - 0x00007ffb21b88000 	C:\Windows\SYSTEM32\ntdll.dll
0x00007ffb21190000 - 0x00007ffb2124d000 	C:\Windows\System32\KERNEL32.DLL
0x00007ffb1f050000 - 0x00007ffb1f346000 	C:\Windows\System32\KERNELBASE.dll
0x00007ffb1f7e0000 - 0x00007ffb1f8e0000 	C:\Windows\System32\ucrtbase.dll
0x00007ffb180f0000 - 0x00007ffb18107000 	C:\Program Files\Java\jdk-22\bin\jli.dll
0x00007ffb20b90000 - 0x00007ffb20c40000 	C:\Windows\System32\ADVAPI32.dll
0x00007ffb21000000 - 0x00007ffb2109e000 	C:\Windows\System32\msvcrt.dll
0x00007ffb21550000 - 0x00007ffb215f0000 	C:\Windows\System32\sechost.dll
0x00007ffb21330000 - 0x00007ffb21453000 	C:\Windows\System32\RPCRT4.dll
0x00007ffb1f700000 - 0x00007ffb1f727000 	C:\Windows\System32\bcrypt.dll
0x00007ffb202e0000 - 0x00007ffb2047f000 	C:\Windows\System32\USER32.dll
0x00007ffb1f660000 - 0x00007ffb1f682000 	C:\Windows\System32\win32u.dll
0x00007ffb21160000 - 0x00007ffb2118b000 	C:\Windows\System32\GDI32.dll
0x00007ffb1f350000 - 0x00007ffb1f467000 	C:\Windows\System32\gdi32full.dll
0x00007ffb1f8e0000 - 0x00007ffb1f97d000 	C:\Windows\System32\msvcp_win.dll
0x00007ffb180d0000 - 0x00007ffb180eb000 	C:\Program Files\Java\jdk-22\bin\VCRUNTIME140.dll
0x00007ffb12110000 - 0x00007ffb123aa000 	C:\Windows\WinSxS\amd64_microsoft.windows.common-controls_6595b64144ccf1df_6.0.19041.4355_none_60b8b9eb71f62e16\COMCTL32.dll
0x00007ffb10530000 - 0x00007ffb1053a000 	C:\Windows\SYSTEM32\VERSION.dll
0x00007ffb215f0000 - 0x00007ffb2161f000 	C:\Windows\System32\IMM32.DLL
0x00007ffb179b0000 - 0x00007ffb179bc000 	C:\Program Files\Java\jdk-22\bin\vcruntime140_1.dll
0x00007ffb18040000 - 0x00007ffb180ce000 	C:\Program Files\Java\jdk-22\bin\msvcp140.dll
0x00007ffad4580000 - 0x00007ffad52c7000 	C:\Program Files\Java\jdk-22\bin\server\jvm.dll
0x00007ffb217b0000 - 0x00007ffb2181b000 	C:\Windows\System32\WS2_32.dll
0x00007ffb1edf0000 - 0x00007ffb1ee3b000 	C:\Windows\SYSTEM32\POWRPROF.dll
0x00007ffb11540000 - 0x00007ffb11567000 	C:\Windows\SYSTEM32\WINMM.dll
0x00007ffb1edd0000 - 0x00007ffb1ede2000 	C:\Windows\SYSTEM32\UMPDC.dll
0x00007ffb1d860000 - 0x00007ffb1d872000 	C:\Windows\SYSTEM32\kernel.appcore.dll
0x00007ffb17320000 - 0x00007ffb1732a000 	C:\Program Files\Java\jdk-22\bin\jimage.dll
0x00007ffb1cdc0000 - 0x00007ffb1cfa4000 	C:\Windows\SYSTEM32\DBGHELP.DLL
0x00007ffb10360000 - 0x00007ffb10394000 	C:\Windows\SYSTEM32\dbgcore.DLL
0x00007ffb1f5d0000 - 0x00007ffb1f652000 	C:\Windows\System32\bcryptPrimitives.dll
0x00007ffb10820000 - 0x00007ffb1083e000 	C:\Program Files\Java\jdk-22\bin\java.dll
0x00007ffb1f9d0000 - 0x00007ffb2013c000 	C:\Windows\System32\SHELL32.dll
0x00007ffb21820000 - 0x00007ffb2194b000 	C:\Windows\System32\ole32.dll
0x00007ffb20c40000 - 0x00007ffb20f93000 	C:\Windows\System32\combase.dll

dbghelp: loaded successfully - version: 4.0.5 - missing functions: none
symbol engine: initialized successfully - sym options: 0x614 - pdb path: .;C:\Program Files\Java\jdk-22\bin;C:\Windows\SYSTEM32;C:\Windows\WinSxS\amd64_microsoft.windows.common-controls_6595b64144ccf1df_6.0.19041.4355_none_60b8b9eb71f62e16;C:\Program Files\Java\jdk-22\bin\server

VM Arguments:
jvm_args: -Dfile.encoding=UTF-8 -Dstdout.encoding=UTF-8 -Dstderr.encoding=UTF-8 --module-path=C:\Users\User\eclipse-workspace\Notas_alunos\bin -XX:+ShowCodeDetailsInExceptionMessages -Djdk.module.main=Notas_alunos 
java_command: Notas_alunos/notas.Principal
java_class_path (initial): <not set>
Launcher Type: SUN_STANDARD

[Global flags]
     intx CICompilerCount                          = 2                                         {product} {ergonomic}
     uint ConcGCThreads                            = 1                                         {product} {ergonomic}
     uint G1ConcRefinementThreads                  = 2                                         {product} {ergonomic}
   size_t G1HeapRegionSize                         = 1048576                                   {product} {ergonomic}
   size_t InitialHeapSize                          = 62914560                                  {product} {ergonomic}
   size_t MarkStackSize                            = 4194304                                   {product} {ergonomic}
   size_t MaxHeapSize                              = 1002438656                                {product} {ergonomic}
   size_t MinHeapDeltaBytes                        = 1048576                                   {product} {ergonomic}
   size_t MinHeapSize                              = 8388608                                   {product} {ergonomic}
    uintx NonNMethodCodeHeapSize                   = 5826188                                {pd product} {ergonomic}
    uintx NonProfiledCodeHeapSize                  = 122916026                              {pd product} {ergonomic}
    uintx ProfiledCodeHeapSize                     = 122916026                              {pd product} {ergonomic}
    uintx ReservedCodeCacheSize                    = 251658240                              {pd product} {ergonomic}
     bool SegmentedCodeCache                       = true                                      {product} {ergonomic}
     bool ShowCodeDetailsInExceptionMessages       = true                                   {manageable} {command line}
   size_t SoftMaxHeapSize                          = 1002438656                             {manageable} {ergonomic}
     bool UseCompressedOops                        = true                           {product lp64_product} {ergonomic}
     bool UseG1GC                                  = true                                      {product} {ergonomic}
     bool UseLargePagesIndividualAllocation        = false                                  {pd product} {ergonomic}

Logging:
Log output configuration:
 #0: stdout all=warning uptime,level,tags foldmultilines=false
 #1: stderr all=off uptime,level,tags foldmultilines=false

Environment Variables:
PATH=C:/Program Files/Java/jdk-22/bin/server;C:/Program Files/Java/jdk-22/bin;C:/Users/User/AppData/Local/Temp/eoiC0DD.tmp//plugins/org.eclipse.justj.openjdk.hotspot.jre.minimal.stripped.win32.x86_64_17.0.11.v20240426-2108/jre/bin/server;C:/Users/User/AppData/Local/Temp/eoiC0DD.tmp//plugins/org.eclipse.justj.openjdk.hotspot.jre.minimal.stripped.win32.x86_64_17.0.11.v20240426-2108/jre/bin;C:\Program Files\Google\Chrome\Application;C:\Program Files\Common Files\Oracle\Java\javapath;C:\Windows\system32;C:\Windows;C:\Windows\System32\Wbem;C:\Windows\System32\WindowsPowerShell\v1.0\;C:\Windows\System32\OpenSSH\;C:\Program Files\Java\jdk-22\bin;C:\Users\User\AppData\Local\Microsoft\WindowsApps;C:\Program Files\Java\jdk-22\bin;;C:\Users\User\Downloads;;C:\Users\User\Downloads;
USERNAME=User
OS=Windows_NT
PROCESSOR_IDENTIFIER=Intel64 Family 6 Model 140 Stepping 1, GenuineIntel
TMP=C:\Users\User\AppData\Local\Temp
TEMP=C:\Users\User\AppData\Local\Temp




Periodic native trim disabled

---------------  S Y S T E M  ---------------

OS:
 Windows 10 , 64 bit Build 19041 (10.0.19041.3636)
OS uptime: 20 days 16:25 hours

CPU: total 2 (initial active 2) (2 cores per cpu, 1 threads per core) family 6 model 140 stepping 1 microcode 0x8a, cx8, cmov, fxsr, mmx, 3dnowpref, sse, sse2, sse3, ssse3, sse4.1, sse4.2, popcnt, lzcnt, tsc, tscinvbit, avx, avx2, aes, erms, clmul, bmi1, bmi2, adx, avx512f, avx512dq, avx512cd, avx512bw, avx512vl, sha, fma, vzeroupper, avx512_vpopcntdq, avx512_vpclmulqdq, avx512_vaes, avx512_vnni, clflush, clflushopt, clwb, avx512_vbmi2, avx512_vbmi, rdtscp, rdpid, fsrm, gfni, avx512_bitalg, f16c, pku, cet_ibt, cet_ss, avx512_ifma
Processor Information for all 2 processors :
  Max Mhz: 1805, Current Mhz: 1805, Mhz Limit: 1805

Memory: 4k page, system-wide physical 3819M (133M free)
TotalPageFile size 15595M (AvailPageFile size 7M)
current process WorkingSet (physical memory assigned to process): 11M, peak: 11M
current process commit charge ("private bytes"): 47M, peak: 107M

vm_info: Java HotSpot(TM) 64-Bit Server VM (22.0.1+8-16) for windows-amd64 JRE (22.0.1+8-16), built on 2024-03-12T10:33:16Z by "mach5one" with MS VC++ 17.6 (VS2022)

END.
